INFO: 05/17/2020 11:28:31 AM Hello1
INFO: 05/17/2020 11:28:31 AM Hello3
INFO: 05/17/2020 11:28:31 AM Hello4
INFO: 05/17/2020 11:33:59 AM 	|Hello1
INFO: 05/17/2020 11:35:37 AM 	|Hello1
INFO: 05/17/2020 11:35:37 AM 	|Hello3
INFO: 05/17/2020 11:35:38 AM 	|Hello1
INFO: 05/17/2020 11:35:38 AM 	|Hello3
INFO: 05/17/2020 09:32:58 PM Hello
05/17/2020 09:34:53 PM INFO Hello
05/17/2020 09:35:11 PM INFO  Hello
05/17/2020 09:37:23 %f INFO  Hello
05/17/2020 09:38:49 PM,INFO Hello
05/17/2020 09:39:21 PM, INFO Hello
2020-05-17 09:40:03 PM, INFO Hello
2020-05-17 09:44:43 PM,38 INFO Hello
2020-05-17 09:44:46 PM,38 INFO Hello
2020-05-18 12:29:31 AM,38 INFO Hello
2020-05-18 12:31:11 AM 5,38 INFO Hello
2020-05-18 12:31:20 AM 6,38 INFO Hello
2020-05-18 12:31:46 AM 760,38 INFO Hello
2020-05-18 12:32:04 %f 599,38 INFO Hello
2020-05-18 12:33:00 AM 359,38 INFO Hello
2020-05-18 12:33:02 AM 122,38 INFO Hello
2020-05-18 12:33:26 AM 212,38 INFO     Hello
2020-05-18 12:33:41 AM 181,38 INFO Hello
